<?xml version="1.0" encoding="UTF-8" standalone="yes"?>
<ns2:test-suite start="1533653478832" stop="1533653481965" version="1.4.15" xmlns:ns2="urn:model.allure.qatools.yandex.ru">
    <name>Verify user should be able to search for event</name>
    <title>Verify user should be able to search for event</title>
    <test-cases>
        <test-case start="1533653478852" stop="1533653478854" status="passed">
            <name>Given I am on a splash page of the app</name>
            <title>Given I am on a splash page of the app</title>
            <steps/>
            <attachments/>
            <labels>
                <label name="host" value="ilirs-MacBook-Pro-2.local"/>
                <label name="thread" value="78444@ilirs-MacBook-Pro-2.local.main(1)"/>
            </labels>
        </test-case>
        <test-case start="1533653479013" stop="1533653479014" status="passed">
            <name>When I click on Skip button on splash screen</name>
            <title>When I click on Skip button on splash screen</title>
            <steps/>
            <attachments/>
            <labels>
                <label name="host" value="ilirs-MacBook-Pro-2.local"/>
                <label name="thread" value="78444@ilirs-MacBook-Pro-2.local.main(1)"/>
            </labels>
        </test-case>
        <test-case start="1533653481378" stop="1533653481378" status="passed">
            <name>When Search for "Breakfast"</name>
            <title>When Search for "Breakfast"</title>
            <steps/>
            <attachments/>
            <labels>
                <label name="host" value="ilirs-MacBook-Pro-2.local"/>
                <label name="thread" value="78444@ilirs-MacBook-Pro-2.local.main(1)"/>
            </labels>
        </test-case>
        <test-case start="1533653481950" stop="1533653481961" status="failed">
            <name>Then I verify Event displayed with header, Duration, description</name>
            <title>Then I verify Event displayed with header, Duration, description</title>
            <failure>
                <message>AssertionError: THE BREAKFAST EVENT VARIFICATION FAILED expected [Breakfast] but found []</message>
                <stack-trace>java.lang.AssertionError: THE BREAKFAST EVENT VARIFICATION FAILED expected [Breakfast] but found []
	at org.testng.Assert.fail(Assert.java:93)
	at org.testng.Assert.failNotEquals(Assert.java:512)
	at org.testng.Assert.assertEqualsImpl(Assert.java:134)
	at org.testng.Assert.assertEquals(Assert.java:115)
	at org.testng.Assert.assertEquals(Assert.java:189)
	at stepdefinition.MostActionsSD.iVerifyEventDisplayed(MostActionsSD.java:33)
	at âœ½.Then I verify Event displayed with header, Duration, description(mostactions.feature:24)
</stack-trace>
            </failure>
            <steps/>
            <attachments/>
            <labels>
                <label name="host" value="ilirs-MacBook-Pro-2.local"/>
                <label name="thread" value="78444@ilirs-MacBook-Pro-2.local.main(1)"/>
            </labels>
        </test-case>
    </test-cases>
    <labels>
        <label name="story" value="Verify user should be able to search for event"/>
        <label name="feature" value="Verify Home Page Features"/>
        <label name="framework" value="CucumberJVM"/>
        <label name="language" value="JAVA"/>
    </labels>
</ns2:test-suite>
